<?xml version="1.0" encoding="UTF-8"?>
<testsuite name="com.weling.we_are_traveling_java.WeAreTravelingJavaApplicationTests" tests="1" skipped="0" failures="0" errors="0" timestamp="2021-11-25T08:41:49" hostname="SEONG-HYEOK" time="0.087">
  <properties/>
  <testcase name="contextLoads()" classname="com.weling.we_are_traveling_java.WeAreTravelingJavaApplicationTests" time="0.087"/>
  <system-out><![CDATA[17:41:44.880 [Test worker] DEBUG org.springframework.test.context.BootstrapUtils - Instantiating CacheAwareContextLoaderDelegate from class [org.springframework.test.context.cache.DefaultCacheAwareContextLoaderDelegate]
17:41:44.892 [Test worker] DEBUG org.springframework.test.context.BootstrapUtils - Instantiating BootstrapContext using constructor [public org.springframework.test.context.support.DefaultBootstrapContext(java.lang.Class,org.springframework.test.context.CacheAwareContextLoaderDelegate)]
17:41:44.926 [Test worker] DEBUG org.springframework.test.context.BootstrapUtils - Instantiating TestContextBootstrapper for test class [com.weling.we_are_traveling_java.WeAreTravelingJavaApplicationTests] from class [org.springframework.boot.test.context.SpringBootTestContextBootstrapper]
17:41:44.939 [Test worker] INFO org.springframework.boot.test.context.SpringBootTestContextBootstrapper - Neither @ContextConfiguration nor @ContextHierarchy found for test class [com.weling.we_are_traveling_java.WeAreTravelingJavaApplicationTests], using SpringBootContextLoader
17:41:44.944 [Test worker] DEBUG org.springframework.test.context.support.AbstractContextLoader - Did not detect default resource location for test class [com.weling.we_are_traveling_java.WeAreTravelingJavaApplicationTests]: class path resource [com/weling/we_are_traveling_java/WeAreTravelingJavaApplicationTests-context.xml] does not exist
17:41:44.944 [Test worker] DEBUG org.springframework.test.context.support.AbstractContextLoader - Did not detect default resource location for test class [com.weling.we_are_traveling_java.WeAreTravelingJavaApplicationTests]: class path resource [com/weling/we_are_traveling_java/WeAreTravelingJavaApplicationTestsContext.groovy] does not exist
17:41:44.944 [Test worker] INFO org.springframework.test.context.support.AbstractContextLoader - Could not detect default resource locations for test class [com.weling.we_are_traveling_java.WeAreTravelingJavaApplicationTests]: no resource found for suffixes {-context.xml, Context.groovy}.
17:41:44.945 [Test worker] INFO org.springframework.test.context.support.AnnotationConfigContextLoaderUtils - Could not detect default configuration classes for test class [com.weling.we_are_traveling_java.WeAreTravelingJavaApplicationTests]: WeAreTravelingJavaApplicationTests does not declare any static, non-private, non-final, nested classes annotated with @Configuration.
17:41:44.997 [Test worker] DEBUG org.springframework.test.context.support.ActiveProfilesUtils - Could not find an 'annotation declaring class' for annotation type [org.springframework.test.context.ActiveProfiles] and class [com.weling.we_are_traveling_java.WeAreTravelingJavaApplicationTests]
17:41:45.052 [Test worker] DEBUG org.springframework.context.annotation.ClassPathScanningCandidateComponentProvider - Identified candidate component class: file [C:\Users\32880\OneDrive\문서\GitHub\we_are_traveling_java\build\classes\java\main\com\weling\we_are_traveling_java\WeAreTravelingJavaApplication.class]
17:41:45.053 [Test worker] INFO org.springframework.boot.test.context.SpringBootTestContextBootstrapper - Found @SpringBootConfiguration com.weling.we_are_traveling_java.WeAreTravelingJavaApplication for test class com.weling.we_are_traveling_java.WeAreTravelingJavaApplicationTests
17:41:45.149 [Test worker] DEBUG org.springframework.boot.test.context.SpringBootTestContextBootstrapper - @TestExecutionListeners is not present for class [com.weling.we_are_traveling_java.WeAreTravelingJavaApplicationTests]: using defaults.
17:41:45.150 [Test worker] INFO org.springframework.boot.test.context.SpringBootTestContextBootstrapper - Loaded default TestExecutionListener class names from location [META-INF/spring.factories]: [org.springframework.boot.test.autoconfigure.restdocs.RestDocsTestExecutionListener, org.springframework.boot.test.autoconfigure.web.client.MockRestServiceServerResetTestExecutionListener, org.springframework.boot.test.autoconfigure.web.servlet.MockMvcPrintOnlyOnFailureTestExecutionListener, org.springframework.boot.test.autoconfigure.web.servlet.WebDriverTestExecutionListener, org.springframework.boot.test.autoconfigure.webservices.client.MockWebServiceServerTestExecutionListener, org.springframework.boot.test.mock.mockito.MockitoTestExecutionListener, org.springframework.boot.test.mock.mockito.ResetMocksTestExecutionListener, org.springframework.test.context.web.ServletTestExecutionListener, org.springframework.test.context.support.DirtiesContextBeforeModesTestExecutionListener, org.springframework.test.context.event.ApplicationEventsTestExecutionListener, org.springframework.test.context.support.DependencyInjectionTestExecutionListener, org.springframework.test.context.support.DirtiesContextTestExecutionListener, org.springframework.test.context.transaction.TransactionalTestExecutionListener, org.springframework.test.context.jdbc.SqlScriptsTestExecutionListener, org.springframework.test.context.event.EventPublishingTestExecutionListener]
17:41:45.171 [Test worker] INFO org.springframework.boot.test.context.SpringBootTestContextBootstrapper - Using TestExecutionListeners: [org.springframework.test.context.web.ServletTestExecutionListener@764faa6, org.springframework.test.context.support.DirtiesContextBeforeModesTestExecutionListener@4c1f22f3, org.springframework.test.context.event.ApplicationEventsTestExecutionListener@598bd2ba, org.springframework.boot.test.mock.mockito.MockitoTestExecutionListener@5a755cc1, org.springframework.boot.test.autoconfigure.SpringBootDependencyInjectionTestExecutionListener@7ae42ce3, org.springframework.test.context.support.DirtiesContextTestExecutionListener@4f5991f6, org.springframework.test.context.transaction.TransactionalTestExecutionListener@484094a5, org.springframework.test.context.jdbc.SqlScriptsTestExecutionListener@38234a38, org.springframework.test.context.event.EventPublishingTestExecutionListener@63fbfaeb, org.springframework.boot.test.autoconfigure.restdocs.RestDocsTestExecutionListener@602e0143, org.springframework.boot.test.autoconfigure.web.client.MockRestServiceServerResetTestExecutionListener@2c07545f, org.springframework.boot.test.autoconfigure.web.servlet.MockMvcPrintOnlyOnFailureTestExecutionListener@e57b96d, org.springframework.boot.test.autoconfigure.web.servlet.WebDriverTestExecutionListener@32c726ee, org.springframework.boot.test.autoconfigure.webservices.client.MockWebServiceServerTestExecutionListener@22f31dec, org.springframework.boot.test.mock.mockito.ResetMocksTestExecutionListener@34c01041]
17:41:45.174 [Test worker] DEBUG org.springframework.test.context.support.AbstractDirtiesContextTestExecutionListener - Before test class: context [DefaultTestContext@ab7395e testClass = WeAreTravelingJavaApplicationTests, testInstance = [null], testMethod = [null], testException = [null], mergedContextConfiguration = [WebMergedContextConfiguration@50d13246 testClass = WeAreTravelingJavaApplicationTests, locations = '{}', classes = '{class com.weling.we_are_traveling_java.WeAreTravelingJavaApplication}', contextInitializerClasses = '[]', activeProfiles = '{}', propertySourceLocations = '{}', propertySourceProperties = '{org.springframework.boot.test.context.SpringBootTestContextBootstrapper=true}', contextCustomizers = set[org.springframework.boot.test.autoconfigure.actuate.metrics.MetricsExportContextCustomizerFactory$DisableMetricExportContextCustomizer@8458f04, org.springframework.boot.test.autoconfigure.properties.PropertyMappingContextCustomizer@0, org.springframework.boot.test.autoconfigure.web.servlet.WebDriverContextCustomizerFactory$Customizer@1750fbeb, org.springframework.boot.test.context.filter.ExcludeFilterContextCustomizer@6c284af, org.springframework.boot.test.json.DuplicateJsonObjectContextCustomizerFactory$DuplicateJsonObjectContextCustomizer@31ea9581, org.springframework.boot.test.mock.mockito.MockitoContextCustomizer@0, org.springframework.boot.test.web.client.TestRestTemplateContextCustomizer@23e84203, org.springframework.boot.test.context.SpringBootTestArgs@1, org.springframework.boot.test.context.SpringBootTestWebEnvironment@6dbb137d], resourceBasePath = 'src/main/webapp', contextLoader = 'org.springframework.boot.test.context.SpringBootContextLoader', parent = [null]], attributes = map['org.springframework.test.context.web.ServletTestExecutionListener.activateListener' -> true]], class annotated with @DirtiesContext [false] with mode [null].
17:41:45.213 [Test worker] DEBUG org.springframework.boot.ApplicationServletEnvironment - Activating profiles []
17:41:45.216 [Test worker] DEBUG org.springframework.test.context.support.TestPropertySourceUtils - Adding inlined properties to environment: {spring.jmx.enabled=false, org.springframework.boot.test.context.SpringBootTestContextBootstrapper=true}

  .   ____          _            __ _ _
 /\\ / ___'_ __ _ _(_)_ __  __ _ \ \ \ \
( ( )\___ | '_ | '_| | '_ \/ _` | \ \ \ \
 \\/  ___)| |_)| | | | | || (_| |  ) ) ) )
  '  |____| .__|_| |_|_| |_\__, | / / / /
 =========|_|==============|___/=/_/_/_/
 :: Spring Boot ::                (v2.6.0)

2021-11-25 17:41:45.462  INFO 14028 --- [    Test worker] c.w.w.WeAreTravelingJavaApplicationTests : Starting WeAreTravelingJavaApplicationTests using Java 1.8.0_312 on Seong-Hyeok with PID 14028 (started by 32880 in C:\Users\32880\OneDrive\문서\GitHub\we_are_traveling_java)
2021-11-25 17:41:45.463  INFO 14028 --- [    Test worker] c.w.w.WeAreTravelingJavaApplicationTests : No active profile set, falling back to default profiles: default
2021-11-25 17:41:46.005  INFO 14028 --- [    Test worker] .s.d.r.c.RepositoryConfigurationDelegate : Bootstrapping Spring Data JPA repositories in DEFAULT mode.
2021-11-25 17:41:46.018  INFO 14028 --- [    Test worker] .s.d.r.c.RepositoryConfigurationDelegate : Finished Spring Data repository scanning in 6 ms. Found 0 JPA repository interfaces.
2021-11-25 17:41:46.610  INFO 14028 --- [    Test worker] com.zaxxer.hikari.HikariDataSource       : HikariPool-1 - Starting...
2021-11-25 17:41:46.859  INFO 14028 --- [    Test worker] com.zaxxer.hikari.HikariDataSource       : HikariPool-1 - Start completed.
2021-11-25 17:41:46.931  INFO 14028 --- [    Test worker] o.hibernate.jpa.internal.util.LogHelper  : HHH000204: Processing PersistenceUnitInfo [name: default]
2021-11-25 17:41:46.993  INFO 14028 --- [    Test worker] org.hibernate.Version                    : HHH000412: Hibernate ORM core version 5.6.1.Final
2021-11-25 17:41:47.176  INFO 14028 --- [    Test worker] o.hibernate.annotations.common.Version   : HCANN000001: Hibernate Commons Annotations {5.1.2.Final}
2021-11-25 17:41:47.310  INFO 14028 --- [    Test worker] org.hibernate.dialect.Dialect            : HHH000400: Using dialect: org.hibernate.dialect.H2Dialect
2021-11-25 17:41:47.534  INFO 14028 --- [    Test worker] o.h.e.t.j.p.i.JtaPlatformInitiator       : HHH000490: Using JtaPlatform implementation: [org.hibernate.engine.transaction.jta.platform.internal.NoJtaPlatform]
2021-11-25 17:41:47.542  INFO 14028 --- [    Test worker] j.LocalContainerEntityManagerFactoryBean : Initialized JPA EntityManagerFactory for persistence unit 'default'
2021-11-25 17:41:47.791  WARN 14028 --- [    Test worker] JpaBaseConfiguration$JpaWebConfiguration : spring.jpa.open-in-view is enabled by default. Therefore, database queries may be performed during view rendering. Explicitly configure spring.jpa.open-in-view to disable this warning
2021-11-25 17:41:48.581  INFO 14028 --- [    Test worker] .s.s.UserDetailsServiceAutoConfiguration : 

Using generated security password: d96d6784-3504-401a-94cf-c8f1a3ca4788

2021-11-25 17:41:48.945  INFO 14028 --- [    Test worker] o.s.s.web.DefaultSecurityFilterChain     : Will secure any request with [org.springframework.security.web.context.request.async.WebAsyncManagerIntegrationFilter@4cb24e2, org.springframework.security.web.context.SecurityContextPersistenceFilter@46d0f89c, org.springframework.security.web.header.HeaderWriterFilter@43e8f1c, org.springframework.security.web.csrf.CsrfFilter@6e00837f, org.springframework.security.web.authentication.logout.LogoutFilter@4438938e, org.springframework.security.web.authentication.UsernamePasswordAuthenticationFilter@762bf32d, org.springframework.security.web.authentication.ui.DefaultLoginPageGeneratingFilter@11bfffb3, org.springframework.security.web.authentication.ui.DefaultLogoutPageGeneratingFilter@7be38eba, org.springframework.security.web.authentication.www.BasicAuthenticationFilter@2b2a4332, org.springframework.security.web.savedrequest.RequestCacheAwareFilter@a457c2b, org.springframework.security.web.servletapi.SecurityContextHolderAwareRequestFilter@5773d271, org.springframework.security.web.authentication.AnonymousAuthenticationFilter@2296127, org.springframework.security.web.session.SessionManagementFilter@675ec28b, org.springframework.security.web.access.ExceptionTranslationFilter@6eede35e, org.springframework.security.web.access.intercept.FilterSecurityInterceptor@537ca28e]
2021-11-25 17:41:49.080  INFO 14028 --- [    Test worker] c.w.w.WeAreTravelingJavaApplicationTests : Started WeAreTravelingJavaApplicationTests in 3.863 seconds (JVM running for 5.176)
]]></system-out>
  <system-err><![CDATA[]]></system-err>
</testsuite>
